app/build/intermediates/manifest_merge_blame_file/debug/processDebugMainManifest/manifest-merger-blame-debug-report.txt
1<?xml version="1.0" encoding="utf-8"?>
2<manifest xmlns:android="http://schemas.android.com/apk/res/android"
3    package="com.example.habittracking"
4    android:versionCode="1"
5    android:versionName="1.0" >
6
7    <uses-sdk
8        android:minSdkVersion="24"
9        android:targetSdkVersion="34" />
10
11    <uses-permission android:name="android.permission.INTERNET" />
11-->[com.google.firebase:firebase-auth:22.0.0] AndroidManifest.xml:25:5-67
11-->[com.google.firebase:firebase-auth:22.0.0] AndroidManifest.xml:25:22-64
12    <uses-permission android:name="android.permission.ACCESS_NETWORK_STATE" />
12-->[com.google.firebase:firebase-auth:22.0.0] AndroidManifest.xml:26:5-79
12-->[com.google.firebase:firebase-auth:22.0.0] AndroidManifest.xml:26:22-76
13
14    <permission
14-->[androidx.core:core:1.13.0] AndroidManifest.xml:22:5-24:47
15        android:name="com.example.habittracking.DYNAMIC_RECEIVER_NOT_EXPORTED_PERMISSION"
15-->[androidx.core:core:1.13.0] AndroidManifest.xml:23:9-81
16        android:protectionLevel="signature" />
16-->[androidx.core:core:1.13.0] AndroidManifest.xml:24:9-44
17
18    <uses-permission android:name="com.example.habittracking.DYNAMIC_RECEIVER_NOT_EXPORTED_PERMISSION" />
18-->[androidx.core:core:1.13.0] AndroidManifest.xml:26:5-97
18-->[androidx.core:core:1.13.0] AndroidManifest.xml:26:22-94
19
20    <application
20-->src\main\AndroidManifest.xml:5:5-23:19
21        android:allowBackup="true"
21-->src\main\AndroidManifest.xml:6:9-35
22        android:appComponentFactory="androidx.core.app.CoreComponentFactory"
22-->[androidx.core:core:1.13.0] AndroidManifest.xml:28:18-86
23        android:dataExtractionRules="@xml/data_extraction_rules"
23-->src\main\AndroidManifest.xml:7:9-65
24        android:debuggable="true"
25        android:extractNativeLibs="false"
26        android:fullBackupContent="@xml/backup_rules"
26-->src\main\AndroidManifest.xml:8:9-54
27        android:icon="@mipmap/ic_launcher"
27-->src\main\AndroidManifest.xml:9:9-43
28        android:label="@string/app_name"
28-->src\main\AndroidManifest.xml:10:9-41
29        android:roundIcon="@mipmap/ic_launcher_round"
29-->src\main\AndroidManifest.xml:11:9-54
30        android:supportsRtl="true"
30-->src\main\AndroidManifest.xml:12:9-35
31        android:testOnly="true"
32        android:theme="@style/Theme.HabitTracking" >
32-->src\main\AndroidManifest.xml:13:9-51
33        <activity
33-->src\main\AndroidManifest.xml:15:9-21:20
34            android:name="com.example.habittracking.LoginActivity"
34-->src\main\AndroidManifest.xml:15:19-48
35            android:exported="true" >
35-->src\main\AndroidManifest.xml:16:13-36
36            <intent-filter>
36-->src\main\AndroidManifest.xml:17:13-20:29
37                <action android:name="android.intent.action.MAIN" />
37-->src\main\AndroidManifest.xml:18:17-69
37-->src\main\AndroidManifest.xml:18:25-66
38
39                <category android:name="android.intent.category.LAUNCHER" />
39-->src\main\AndroidManifest.xml:19:17-77
39-->src\main\AndroidManifest.xml:19:27-74
40            </intent-filter>
41        </activity>
42        <activity android:name="com.example.habittracking.MainActivity" />
42-->src\main\AndroidManifest.xml:22:9-50
42-->src\main\AndroidManifest.xml:22:19-47
43        <activity
43-->[com.google.firebase:firebase-auth:22.0.0] AndroidManifest.xml:29:9-46:20
44            android:name="com.google.firebase.auth.internal.GenericIdpActivity"
44-->[com.google.firebase:firebase-auth:22.0.0] AndroidManifest.xml:30:13-80
45            android:excludeFromRecents="true"
45-->[com.google.firebase:firebase-auth:22.0.0] AndroidManifest.xml:31:13-46
46            android:exported="true"
46-->[com.google.firebase:firebase-auth:22.0.0] AndroidManifest.xml:32:13-36
47            android:launchMode="singleTask"
47-->[com.google.firebase:firebase-auth:22.0.0] AndroidManifest.xml:33:13-44
48            android:theme="@android:style/Theme.Translucent.NoTitleBar" >
48-->[com.google.firebase:firebase-auth:22.0.0] AndroidManifest.xml:34:13-72
49            <intent-filter>
49-->[com.google.firebase:firebase-auth:22.0.0] AndroidManifest.xml:35:13-45:29
50                <action android:name="android.intent.action.VIEW" />
50-->[com.google.firebase:firebase-auth:22.0.0] AndroidManifest.xml:36:17-69
50-->[com.google.firebase:firebase-auth:22.0.0] AndroidManifest.xml:36:25-66
51
52                <category android:name="android.intent.category.DEFAULT" />
52-->[com.google.firebase:firebase-auth:22.0.0] AndroidManifest.xml:38:17-76
52-->[com.google.firebase:firebase-auth:22.0.0] AndroidManifest.xml:38:27-73
53                <category android:name="android.intent.category.BROWSABLE" />
53-->[com.google.firebase:firebase-auth:22.0.0] AndroidManifest.xml:39:17-78
53-->[com.google.firebase:firebase-auth:22.0.0] AndroidManifest.xml:39:27-75
54
55                <data
55-->[com.google.firebase:firebase-auth:22.0.0] AndroidManifest.xml:41:17-44:51
56                    android:host="firebase.auth"
56-->[com.google.firebase:firebase-auth:22.0.0] AndroidManifest.xml:42:21-49
57                    android:path="/"
57-->[com.google.firebase:firebase-auth:22.0.0] AndroidManifest.xml:43:21-37
58                    android:scheme="genericidp" />
58-->[com.google.firebase:firebase-auth:22.0.0] AndroidManifest.xml:44:21-48
59            </intent-filter>
60        </activity>
61        <activity
61-->[com.google.firebase:firebase-auth:22.0.0] AndroidManifest.xml:47:9-64:20
62            android:name="com.google.firebase.auth.internal.RecaptchaActivity"
62-->[com.google.firebase:firebase-auth:22.0.0] AndroidManifest.xml:48:13-79
63            android:excludeFromRecents="true"
63-->[com.google.firebase:firebase-auth:22.0.0] AndroidManifest.xml:49:13-46
64            android:exported="true"
64-->[com.google.firebase:firebase-auth:22.0.0] AndroidManifest.xml:50:13-36
65            android:launchMode="singleTask"
65-->[com.google.firebase:firebase-auth:22.0.0] AndroidManifest.xml:51:13-44
66            android:theme="@android:style/Theme.Translucent.NoTitleBar" >
66-->[com.google.firebase:firebase-auth:22.0.0] AndroidManifest.xml:52:13-72
67            <intent-filter>
67-->[com.google.firebase:firebase-auth:22.0.0] AndroidManifest.xml:53:13-63:29
68                <action android:name="android.intent.action.VIEW" />
68-->[com.google.firebase:firebase-auth:22.0.0] AndroidManifest.xml:36:17-69
68-->[com.google.firebase:firebase-auth:22.0.0] AndroidManifest.xml:36:25-66
69
70                <category android:name="android.intent.category.DEFAULT" />
70-->[com.google.firebase:firebase-auth:22.0.0] AndroidManifest.xml:38:17-76
70-->[com.google.firebase:firebase-auth:22.0.0] AndroidManifest.xml:38:27-73
71                <category android:name="android.intent.category.BROWSABLE" />
71-->[com.google.firebase:firebase-auth:22.0.0] AndroidManifest.xml:39:17-78
71-->[com.google.firebase:firebase-auth:22.0.0] AndroidManifest.xml:39:27-75
72
73                <data
73-->[com.google.firebase:firebase-auth:22.0.0] AndroidManifest.xml:41:17-44:51
74                    android:host="firebase.auth"
74-->[com.google.firebase:firebase-auth:22.0.0] AndroidManifest.xml:42:21-49
75                    android:path="/"
75-->[com.google.firebase:firebase-auth:22.0.0] AndroidManifest.xml:43:21-37
76                    android:scheme="recaptcha" />
76-->[com.google.firebase:firebase-auth:22.0.0] AndroidManifest.xml:44:21-48
77            </intent-filter>
78        </activity>
79
80        <service
80-->[com.google.firebase:firebase-auth:22.0.0] AndroidManifest.xml:66:9-72:19
81            android:name="com.google.firebase.components.ComponentDiscoveryService"
81-->[com.google.firebase:firebase-auth:22.0.0] AndroidManifest.xml:67:13-84
82            android:directBootAware="true"
82-->[com.google.firebase:firebase-common:20.3.2] AndroidManifest.xml:34:13-43
83            android:exported="false" >
83-->[com.google.firebase:firebase-auth:22.0.0] AndroidManifest.xml:68:13-37
84            <meta-data
84-->[com.google.firebase:firebase-auth:22.0.0] AndroidManifest.xml:69:13-71:85
85                android:name="com.google.firebase.components:com.google.firebase.auth.FirebaseAuthRegistrar"
85-->[com.google.firebase:firebase-auth:22.0.0] AndroidManifest.xml:70:17-109
86                android:value="com.google.firebase.components.ComponentRegistrar" />
86-->[com.google.firebase:firebase-auth:22.0.0] AndroidManifest.xml:71:17-82
87            <meta-data
87-->[com.google.firebase:firebase-firestore:24.6.0] AndroidManifest.xml:19:13-21:85
88                android:name="com.google.firebase.components:com.google.firebase.firestore.FirestoreRegistrar"
88-->[com.google.firebase:firebase-firestore:24.6.0] AndroidManifest.xml:20:17-111
89                android:value="com.google.firebase.components.ComponentRegistrar" />
89-->[com.google.firebase:firebase-firestore:24.6.0] AndroidManifest.xml:21:17-82
90        </service>
91
92        <provider
92-->[com.google.firebase:firebase-common:20.3.2] AndroidManifest.xml:25:9-30:39
93            android:name="com.google.firebase.provider.FirebaseInitProvider"
93-->[com.google.firebase:firebase-common:20.3.2] AndroidManifest.xml:26:13-77
94            android:authorities="com.example.habittracking.firebaseinitprovider"
94-->[com.google.firebase:firebase-common:20.3.2] AndroidManifest.xml:27:13-72
95            android:directBootAware="true"
95-->[com.google.firebase:firebase-common:20.3.2] AndroidManifest.xml:28:13-43
96            android:exported="false"
96-->[com.google.firebase:firebase-common:20.3.2] AndroidManifest.xml:29:13-37
97            android:initOrder="100" />
97-->[com.google.firebase:firebase-common:20.3.2] AndroidManifest.xml:30:13-36
98
99        <activity
99-->[com.google.android.gms:play-services-base:18.0.1] AndroidManifest.xml:20:9-22:45
100            android:name="com.google.android.gms.common.api.GoogleApiActivity"
100-->[com.google.android.gms:play-services-base:18.0.1] AndroidManifest.xml:20:19-85
101            android:exported="false"
101-->[com.google.android.gms:play-services-base:18.0.1] AndroidManifest.xml:22:19-43
102            android:theme="@android:style/Theme.Translucent.NoTitleBar" />
102-->[com.google.android.gms:play-services-base:18.0.1] AndroidManifest.xml:21:19-78
103
104        <provider
104-->[androidx.emoji2:emoji2:1.3.0] AndroidManifest.xml:24:9-32:20
105            android:name="androidx.startup.InitializationProvider"
105-->[androidx.emoji2:emoji2:1.3.0] AndroidManifest.xml:25:13-67
106            android:authorities="com.example.habittracking.androidx-startup"
106-->[androidx.emoji2:emoji2:1.3.0] AndroidManifest.xml:26:13-68
107            android:exported="false" >
107-->[androidx.emoji2:emoji2:1.3.0] AndroidManifest.xml:27:13-37
108            <meta-data
108-->[androidx.emoji2:emoji2:1.3.0] AndroidManifest.xml:29:13-31:52
109                android:name="androidx.emoji2.text.EmojiCompatInitializer"
109-->[androidx.emoji2:emoji2:1.3.0] AndroidManifest.xml:30:17-75
110                android:value="androidx.startup" />
110-->[androidx.emoji2:emoji2:1.3.0] AndroidManifest.xml:31:17-49
111            <meta-data
111-->[androidx.lifecycle:lifecycle-process:2.6.2] AndroidManifest.xml:29:13-31:52
112                android:name="androidx.lifecycle.ProcessLifecycleInitializer"
112-->[androidx.lifecycle:lifecycle-process:2.6.2] AndroidManifest.xml:30:17-78
113                android:value="androidx.startup" />
113-->[androidx.lifecycle:lifecycle-process:2.6.2] AndroidManifest.xml:31:17-49
114            <meta-data
114-->[androidx.profileinstaller:profileinstaller:1.3.1] AndroidManifest.xml:29:13-31:52
115                android:name="androidx.profileinstaller.ProfileInstallerInitializer"
115-->[androidx.profileinstaller:profileinstaller:1.3.1] AndroidManifest.xml:30:17-85
116                android:value="androidx.startup" />
116-->[androidx.profileinstaller:profileinstaller:1.3.1] AndroidManifest.xml:31:17-49
117        </provider>
118
119        <meta-data
119-->[com.google.android.gms:play-services-basement:18.1.0] AndroidManifest.xml:21:9-23:69
120            android:name="com.google.android.gms.version"
120-->[com.google.android.gms:play-services-basement:18.1.0] AndroidManifest.xml:22:13-58
121            android:value="@integer/google_play_services_version" />
121-->[com.google.android.gms:play-services-basement:18.1.0] AndroidManifest.xml:23:13-66
122
123        <receiver
123-->[androidx.profileinstaller:profileinstaller:1.3.1] AndroidManifest.xml:34:9-52:20
124            android:name="androidx.profileinstaller.ProfileInstallReceiver"
124-->[androidx.profileinstaller:profileinstaller:1.3.1] AndroidManifest.xml:35:13-76
125            android:directBootAware="false"
125-->[androidx.profileinstaller:profileinstaller:1.3.1] AndroidManifest.xml:36:13-44
126            android:enabled="true"
126-->[androidx.profileinstaller:profileinstaller:1.3.1] AndroidManifest.xml:37:13-35
127            android:exported="true"
127-->[androidx.profileinstaller:profileinstaller:1.3.1] AndroidManifest.xml:38:13-36
128            android:permission="android.permission.DUMP" >
128-->[androidx.profileinstaller:profileinstaller:1.3.1] AndroidManifest.xml:39:13-57
129            <intent-filter>
129-->[androidx.profileinstaller:profileinstaller:1.3.1] AndroidManifest.xml:40:13-42:29
130                <action android:name="androidx.profileinstaller.action.INSTALL_PROFILE" />
130-->[androidx.profileinstaller:profileinstaller:1.3.1] AndroidManifest.xml:41:17-91
130-->[androidx.profileinstaller:profileinstaller:1.3.1] AndroidManifest.xml:41:25-88
131            </intent-filter>
132            <intent-filter>
132-->[androidx.profileinstaller:profileinstaller:1.3.1] AndroidManifest.xml:43:13-45:29
133                <action android:name="androidx.profileinstaller.action.SKIP_FILE" />
133-->[androidx.profileinstaller:profileinstaller:1.3.1] AndroidManifest.xml:44:17-85
133-->[androidx.profileinstaller:profileinstaller:1.3.1] AndroidManifest.xml:44:25-82
134            </intent-filter>
135            <intent-filter>
135-->[androidx.profileinstaller:profileinstaller:1.3.1] AndroidManifest.xml:46:13-48:29
136                <action android:name="androidx.profileinstaller.action.SAVE_PROFILE" />
136-->[androidx.profileinstaller:profileinstaller:1.3.1] AndroidManifest.xml:47:17-88
136-->[androidx.profileinstaller:profileinstaller:1.3.1] AndroidManifest.xml:47:25-85
137            </intent-filter>
138            <intent-filter>
138-->[androidx.profileinstaller:profileinstaller:1.3.1] AndroidManifest.xml:49:13-51:29
139                <action android:name="androidx.profileinstaller.action.BENCHMARK_OPERATION" />
139-->[androidx.profileinstaller:profileinstaller:1.3.1] AndroidManifest.xml:50:17-95
139-->[androidx.profileinstaller:profileinstaller:1.3.1] AndroidManifest.xml:50:25-92
140            </intent-filter>
141        </receiver>
142    </application>
143
144</manifest>